INFO 2025-05-19 16:02:44,122 autoreload 25132 21240 Watching for file changes with StatReloader
INFO 2025-05-19 16:03:13,012 autoreload 25132 21240 D:\Code\student-manage\student_be\settings.py changed, reloading.
INFO 2025-05-19 16:03:14,085 autoreload 4752 22616 Watching for file changes with StatReloader
INFO 2025-05-19 16:03:16,069 autoreload 4752 22616 D:\Code\student-manage\student_be\settings.py changed, reloading.
INFO 2025-05-19 16:03:17,325 autoreload 23640 21452 Watching for file changes with StatReloader
INFO 2025-05-19 16:03:35,454 autoreload 11892 24132 Watching for file changes with StatReloader
INFO 2025-05-19 16:03:39,901 basehttp 11892 18468 code 400, message Bad request version ('\x02h2\x08http/1.1\x00#\x00\x00\x00')
ERROR 2025-05-19 16:03:39,904 basehttp 11892 18468 You're accessing the development server over HTTPS, but it only supports HTTP.
INFO 2025-05-19 16:03:39,915 basehttp 11892 17284 code 400, message Bad request version ('\x19\x15eæ')
ERROR 2025-05-19 16:03:39,916 basehttp 11892 17284 You're accessing the development server over HTTPS, but it only supports HTTP.
INFO 2025-05-19 16:03:49,214 basehttp 11892 24080 code 400, message Bad request version ('Â\x04¡&D´}Ib\x9daFxÉÒÈNÔ¨¥ä\x81')
ERROR 2025-05-19 16:03:49,214 basehttp 11892 24080 You're accessing the development server over HTTPS, but it only supports HTTP.
INFO 2025-05-19 16:03:49,216 basehttp 11892 8696 code 400, message Bad request version ('\x02h2\x08http/1.1DÍ\x00\x05\x00\x03\x02h2\x00\x1b\x00\x03\x02\x00\x02\x00\x05\x00\x05\x01\x00\x00\x00\x00ÿ\x01\x00\x01\x00\x00')
ERROR 2025-05-19 16:03:49,216 basehttp 11892 8696 You're accessing the development server over HTTPS, but it only supports HTTP.
INFO 2025-05-19 16:03:49,219 basehttp 11892 13012 code 400, message Bad request version ('õI³6\x03Z"I')
INFO 2025-05-19 16:03:49,220 basehttp 11892 18876 code 400, message Bad request version ('\x7f\x96³Zq¥V©ÎÅê.a\x00Ðõ\x0e:\x10¶«§¼\x94W¿\x0f\x07´r¯ûÜá\x01w\x92°7PcÂ@\x0fÕ\x19£ttA')
ERROR 2025-05-19 16:03:49,220 basehttp 11892 13012 You're accessing the development server over HTTPS, but it only supports HTTP.
ERROR 2025-05-19 16:03:49,220 basehttp 11892 18876 You're accessing the development server over HTTPS, but it only supports HTTP.
INFO 2025-05-19 16:03:49,224 basehttp 11892 24996 code 400, message Bad request version ('ÚÚ\x13\x01\x13\x02\x13\x03À+À/À,À0Ì©Ì¨À\x13À\x14\x00\x9c\x00\x9d\x00/\x005\x01\x00\x063ªª\x00\x00\x00')
ERROR 2025-05-19 16:03:49,226 basehttp 11892 24996 You're accessing the development server over HTTPS, but it only supports HTTP.
INFO 2025-05-19 16:03:49,226 basehttp 11892 25268 code 400, message Bad request version ('\x00\x02\x01\x00\x00')
ERROR 2025-05-19 16:03:49,228 basehttp 11892 25268 You're accessing the development server over HTTPS, but it only supports HTTP.
INFO 2025-05-19 16:04:29,128 basehttp 11892 16148 "GET /admin HTTP/1.1" 301 0
INFO 2025-05-19 16:04:29,140 basehttp 11892 16440 "GET /admin/ HTTP/1.1" 302 0
INFO 2025-05-19 16:04:29,557 basehttp 11892 16440 "GET /admin/login/?next=/admin/ HTTP/1.1" 200 4226
INFO 2025-05-19 16:04:31,013 basehttp 11892 24388 "GET /static/admin/css/responsive.css HTTP/1.1" 200 18533
INFO 2025-05-19 16:04:31,015 basehttp 11892 19128 "GET /static/admin/css/login.css HTTP/1.1" 200 958
INFO 2025-05-19 16:04:31,015 basehttp 11892 11704 "GET /static/admin/js/theme.js HTTP/1.1" 200 1943
INFO 2025-05-19 16:04:31,026 basehttp 11892 16440 "GET /static/admin/css/base.css HTTP/1.1" 200 21207
INFO 2025-05-19 16:04:31,026 basehttp 11892 11980 "GET /static/admin/css/nav_sidebar.css HTTP/1.1" 200 2694
INFO 2025-05-19 16:04:31,026 basehttp 11892 11456 "GET /static/admin/css/dark_mode.css HTTP/1.1" 200 2929
INFO 2025-05-19 16:04:31,036 basehttp 11892 24388 "GET /static/admin/js/nav_sidebar.js HTTP/1.1" 200 3063
WARNING 2025-05-19 16:04:31,191 log 11892 24388 Not Found: /favicon.ico
WARNING 2025-05-19 16:04:31,191 basehttp 11892 24388 "GET /favicon.ico HTTP/1.1" 404 3344
WARNING 2025-05-19 16:04:37,196 log 11892 24388 Not Found: /.well-known/appspecific/com.chrome.devtools.json
WARNING 2025-05-19 16:04:37,197 basehttp 11892 24388 "GET /.well-known/appspecific/com.chrome.devtools.json HTTP/1.1" 404 3455
INFO 2025-05-19 16:04:42,380 basehttp 11892 24388 "GET /admin/login/?next=/admin/ HTTP/1.1" 200 4226
WARNING 2025-05-19 16:04:42,439 log 11892 24388 Not Found: /.well-known/appspecific/com.chrome.devtools.json
WARNING 2025-05-19 16:04:42,443 basehttp 11892 24388 "GET /.well-known/appspecific/com.chrome.devtools.json HTTP/1.1" 404 3455
